<?xml version="1.0" encoding="UTF-8"?>
<testng-results ignored="0" total="1" passed="1" failed="0" skipped="0">
  <reporter-output>
  </reporter-output>
  <suite started-at="2025-02-25T23:28:31 IST" name="Default suite" finished-at="2025-02-25T23:28:53 IST" duration-ms="21380">
    <groups>
    </groups>
    <test started-at="2025-02-25T23:28:31 IST" name="Default test" finished-at="2025-02-25T23:28:53 IST" duration-ms="21380">
      <class name="windowhandling.OpenMultipleTabsAndWindows">
        <test-method signature="openmultipletabsandwindows()[pri:0, instance:windowhandling.OpenMultipleTabsAndWindows@44ebcd03]" started-at="2025-02-25T23:28:31 IST" name="openmultipletabsandwindows" finished-at="2025-02-25T23:28:53 IST" duration-ms="21323" status="PASS">
          <reporter-output>
          </reporter-output>
        </test-method> <!-- openmultipletabsandwindows -->
      </class> <!-- windowhandling.OpenMultipleTabsAndWindows -->
    </test> <!-- Default test -->
  </suite> <!-- Default suite -->
</testng-results>
