<?xml version="1.0" encoding="UTF-8"?>
<testng-results ignored="0" total="1" passed="1" failed="0" skipped="0">
  <reporter-output>
  </reporter-output>
  <suite started-at="2025-02-21T22:16:50 IST" name="Default suite" finished-at="2025-02-21T22:16:51 IST" duration-ms="1200">
    <groups>
    </groups>
    <test started-at="2025-02-21T22:16:50 IST" name="Default test" finished-at="2025-02-21T22:16:51 IST" duration-ms="1200">
      <class name="practice.ExcelUtility">
        <test-method signature="excelutility()[pri:0, instance:practice.ExcelUtility@6e20b53a]" started-at="2025-02-21T22:16:50 IST" name="excelutility" finished-at="2025-02-21T22:16:51 IST" duration-ms="1089" status="PASS">
          <reporter-output>
          </reporter-output>
        </test-method> <!-- excelutility -->
      </class> <!-- practice.ExcelUtility -->
    </test> <!-- Default test -->
  </suite> <!-- Default suite -->
</testng-results>
